<?xml version="1.0" encoding="UTF-8"?>
<testng-results ignored="0" total="1" passed="1" failed="0" skipped="0">
  <reporter-output>
    <line>
      <![CDATA[TestScript execution is started]]>
    </line>
  </reporter-output>
  <suite started-at="2024-04-02T17:59:17 IST" name="Default suite" finished-at="2024-04-02T17:59:31 IST" duration-ms="14164">
    <groups>
    </groups>
    <test started-at="2024-04-02T17:59:17 IST" name="Default test" finished-at="2024-04-02T17:59:31 IST" duration-ms="14164">
      <class name="VTigerWithUsingPOM.CreateOpprtunities">
        <test-method is-config="true" signature="BS()[pri:0, instance:VTigerWithUsingPOM.CreateOpprtunities@82de64a]" started-at="2024-04-02T17:59:17 IST" name="BS" finished-at="2024-04-02T17:59:17 IST" duration-ms="10" status="PASS">
          <reporter-output>
          </reporter-output>
        </test-method> <!-- BS -->
        <test-method is-config="true" signature="BC()[pri:0, instance:VTigerWithUsingPOM.CreateOpprtunities@82de64a]" started-at="2024-04-02T17:59:17 IST" name="BC" finished-at="2024-04-02T17:59:20 IST" duration-ms="2657" status="PASS">
          <reporter-output>
          </reporter-output>
        </test-method> <!-- BC -->
        <test-method is-config="true" signature="BM()[pri:0, instance:VTigerWithUsingPOM.CreateOpprtunities@82de64a]" started-at="2024-04-02T17:59:20 IST" name="BM" finished-at="2024-04-02T17:59:22 IST" duration-ms="1965" status="PASS">
          <reporter-output>
          </reporter-output>
        </test-method> <!-- BM -->
        <test-method signature="CreateOpprtunities01()[pri:0, instance:VTigerWithUsingPOM.CreateOpprtunities@82de64a]" started-at="2024-04-02T17:59:22 IST" name="CreateOpprtunities01" finished-at="2024-04-02T17:59:28 IST" duration-ms="6277" status="PASS">
          <reporter-output>
            <line>
              <![CDATA[TestScript execution is started]]>
            </line>
          </reporter-output>
        </test-method> <!-- CreateOpprtunities01 -->
        <test-method is-config="true" signature="AM()[pri:0, instance:VTigerWithUsingPOM.CreateOpprtunities@82de64a]" started-at="2024-04-02T17:59:28 IST" name="AM" finished-at="2024-04-02T17:59:30 IST" duration-ms="2202" status="PASS">
          <reporter-output>
          </reporter-output>
        </test-method> <!-- AM -->
        <test-method is-config="true" signature="AC()[pri:0, instance:VTigerWithUsingPOM.CreateOpprtunities@82de64a]" started-at="2024-04-02T17:59:30 IST" name="AC" finished-at="2024-04-02T17:59:31 IST" duration-ms="647" status="PASS">
          <reporter-output>
          </reporter-output>
        </test-method> <!-- AC -->
        <test-method is-config="true" signature="AS()[pri:0, instance:VTigerWithUsingPOM.CreateOpprtunities@82de64a]" started-at="2024-04-02T17:59:31 IST" name="AS" finished-at="2024-04-02T17:59:31 IST" duration-ms="0" status="PASS">
          <reporter-output>
          </reporter-output>
        </test-method> <!-- AS -->
      </class> <!-- VTigerWithUsingPOM.CreateOpprtunities -->
    </test> <!-- Default test -->
  </suite> <!-- Default suite -->
</testng-results>
